<?xml version="1.0" encoding="UTF-8"?>
<testng-results ignored="0" total="1" passed="1" failed="0" skipped="0">
  <reporter-output>
  </reporter-output>
  <suite started-at="2024-08-02T17:16:35 IST" name="Default suite" finished-at="2024-08-02T17:16:37 IST" duration-ms="2134">
    <groups>
    </groups>
    <test started-at="2024-08-02T17:16:35 IST" name="Default test" finished-at="2024-08-02T17:16:37 IST" duration-ms="2134">
      <class name="Bookstore.GoogleMap">
        <test-method signature="postGoogleMap()[pri:0, instance:Bookstore.GoogleMap@4d154ccd]" started-at="2024-08-02T17:16:35 IST" name="postGoogleMap" finished-at="2024-08-02T17:16:37 IST" duration-ms="2096" status="PASS">
          <reporter-output>
          </reporter-output>
        </test-method> <!-- postGoogleMap -->
      </class> <!-- Bookstore.GoogleMap -->
    </test> <!-- Default test -->
  </suite> <!-- Default suite -->
</testng-results>
