<?xml version="1.0" encoding="UTF-8"?>
<testng-results ignored="0" total="1" passed="1" failed="0" skipped="0">
  <reporter-output>
  </reporter-output>
  <suite started-at="2024-07-30T18:44:09 IST" name="Default suite" finished-at="2024-07-30T18:44:12 IST" duration-ms="2780">
    <groups>
    </groups>
    <test started-at="2024-07-30T18:44:09 IST" name="Default test" finished-at="2024-07-30T18:44:12 IST" duration-ms="2780">
      <class name="BaseTest.PostRegistrationSuccessfull">
        <test-method signature="postRegistration()[pri:0, instance:BaseTest.PostRegistrationSuccessfull@4d154ccd]" started-at="2024-07-30T18:44:09 IST" name="postRegistration" finished-at="2024-07-30T18:44:12 IST" duration-ms="2744" status="PASS">
          <reporter-output>
          </reporter-output>
        </test-method> <!-- postRegistration -->
      </class> <!-- BaseTest.PostRegistrationSuccessfull -->
    </test> <!-- Default test -->
  </suite> <!-- Default suite -->
</testng-results>
